d:\dev\cpp\chessproject\chessproject\bin-int\win32-debug\vc142.pdb
d:\dev\cpp\chessproject\chessproject\bin-int\win32-debug\vc142.idb
d:\dev\cpp\chessproject\chessproject\bin-int\win32-debug\resourceholder.obj
d:\dev\cpp\chessproject\chessproject\bin-int\win32-debug\main.obj
d:\dev\cpp\chessproject\chessproject\bin-int\win32-debug\helper.obj
d:\dev\cpp\chessproject\chessproject\bin-int\win32-debug\widget.obj
d:\dev\cpp\chessproject\chessproject\bin-int\win32-debug\textbox.obj
d:\dev\cpp\chessproject\chessproject\bin-int\win32-debug\gamelogic.obj
d:\dev\cpp\chessproject\chessproject\bin-int\win32-debug\tile.obj
d:\dev\cpp\chessproject\chessproject\bin-int\win32-debug\rook.obj
d:\dev\cpp\chessproject\chessproject\bin-int\win32-debug\queen.obj
d:\dev\cpp\chessproject\chessproject\bin-int\win32-debug\piece.obj
d:\dev\cpp\chessproject\chessproject\bin-int\win32-debug\pawn.obj
d:\dev\cpp\chessproject\chessproject\bin-int\win32-debug\knight.obj
d:\dev\cpp\chessproject\chessproject\bin-int\win32-debug\king.obj
d:\dev\cpp\chessproject\chessproject\bin-int\win32-debug\board.obj
d:\dev\cpp\chessproject\chessproject\bin-int\win32-debug\bishop.obj
d:\dev\cpp\chessproject\chessproject\bin-int\win32-debug\chessstate.obj
d:\dev\cpp\chessproject\chessproject\bin-int\win32-debug\app.obj
d:\dev\cpp\chessproject\chessproject\bin-int\win32-debug\chessproject.ilk
d:\dev\cpp\chessproject\chessproject\bin\win32-debug\chessproject.exe
d:\dev\cpp\chessproject\chessproject\bin\win32-debug\chessproject.pdb
d:\dev\cpp\chessproject\chessproject\bin-int\win32-debug\chessproject.tlog\cl.command.1.tlog
d:\dev\cpp\chessproject\chessproject\bin-int\win32-debug\chessproject.tlog\cl.read.1.tlog
d:\dev\cpp\chessproject\chessproject\bin-int\win32-debug\chessproject.tlog\cl.write.1.tlog
d:\dev\cpp\chessproject\chessproject\bin-int\win32-debug\chessproject.tlog\link.command.1.tlog
d:\dev\cpp\chessproject\chessproject\bin-int\win32-debug\chessproject.tlog\link.read.1.tlog
d:\dev\cpp\chessproject\chessproject\bin-int\win32-debug\chessproject.tlog\link.write.1.tlog
