d:\dev\cpp\chessproject\chessproject\bin-int\win32-release\vc142.pdb
d:\dev\cpp\chessproject\chessproject\bin-int\win32-release\resourceholder.obj
d:\dev\cpp\chessproject\chessproject\bin-int\win32-release\main.obj
d:\dev\cpp\chessproject\chessproject\bin-int\win32-release\widget.obj
d:\dev\cpp\chessproject\chessproject\bin-int\win32-release\textbox.obj
d:\dev\cpp\chessproject\chessproject\bin-int\win32-release\menustate.obj
d:\dev\cpp\chessproject\chessproject\bin-int\win32-release\debugstate.obj
d:\dev\cpp\chessproject\chessproject\bin-int\win32-release\appstate.obj
d:\dev\cpp\chessproject\chessproject\bin-int\win32-release\app.obj
d:\dev\cpp\chessproject\chessproject\bin-int\win32-release\button.obj
d:\dev\cpp\chessproject\chessproject\bin-int\win32-release\gamelogic.obj
d:\dev\cpp\chessproject\chessproject\bin-int\win32-release\tile.obj
d:\dev\cpp\chessproject\chessproject\bin-int\win32-release\rook.obj
d:\dev\cpp\chessproject\chessproject\bin-int\win32-release\queen.obj
d:\dev\cpp\chessproject\chessproject\bin-int\win32-release\piece.obj
d:\dev\cpp\chessproject\chessproject\bin-int\win32-release\pawn.obj
d:\dev\cpp\chessproject\chessproject\bin-int\win32-release\knight.obj
d:\dev\cpp\chessproject\chessproject\bin-int\win32-release\king.obj
d:\dev\cpp\chessproject\chessproject\bin-int\win32-release\board.obj
d:\dev\cpp\chessproject\chessproject\bin-int\win32-release\bishop.obj
d:\dev\cpp\chessproject\chessproject\bin-int\win32-release\chessstate.obj
d:\dev\cpp\chessproject\chessproject\bin\win32-release\chessproject.exe
d:\dev\cpp\chessproject\chessproject\bin-int\win32-release\chessproject.ipdb
d:\dev\cpp\chessproject\chessproject\bin-int\win32-release\chessproject.iobj
d:\dev\cpp\chessproject\chessproject\bin\win32-release\chessproject.pdb
d:\dev\cpp\chessproject\chessproject\bin-int\win32-release\chessproject.tlog\cl.command.1.tlog
d:\dev\cpp\chessproject\chessproject\bin-int\win32-release\chessproject.tlog\cl.read.1.tlog
d:\dev\cpp\chessproject\chessproject\bin-int\win32-release\chessproject.tlog\cl.write.1.tlog
d:\dev\cpp\chessproject\chessproject\bin-int\win32-release\chessproject.tlog\link.command.1.tlog
d:\dev\cpp\chessproject\chessproject\bin-int\win32-release\chessproject.tlog\link.read.1.tlog
d:\dev\cpp\chessproject\chessproject\bin-int\win32-release\chessproject.tlog\link.write.1.tlog
