  App.cpp
  ChessState.cpp
  Bishop.cpp
  Board.cpp
  King.cpp
  Knight.cpp
  Pawn.cpp
  Piece.cpp
  Queen.cpp
  Rook.cpp
  Tile.cpp
  GameLogic.cpp
  Textbox.cpp
  Widget.cpp
  Helper.cpp
  Main.cpp
  ResourceHolder.cpp
  Generating code
  Previous IPDB not found, fall back to full compilation.
D:\Dev\CPP\ChessProject\ChessProject\src\Entities\Board.cpp(291): warning C4172: returning address of local variable or temporary
  All 1306 functions were compiled because no usable IPDB/IOBJ from previous compilation was found.
  Finished generating code
  ChessProject.vcxproj -> D:\Dev\CPP\ChessProject\ChessProject\bin\Win32-Release\ChessProject.exe
